0 info it worked if it ends with ok
1 verbose cli [ 'C:\\Program Files\\nodejs\\node.exe',
1 verbose cli   'C:\\Program Files\\nodejs\\node_modules\\npm\\bin\\npm-cli.js',
1 verbose cli   'run',
1 verbose cli   'webpack' ]
2 info using npm@3.10.10
3 info using node@v6.11.3
4 verbose run-script [ 'prewebpack', 'webpack', 'postwebpack' ]
5 info lifecycle cooper-frontend@1.0.0~prewebpack: cooper-frontend@1.0.0
6 silly lifecycle cooper-frontend@1.0.0~prewebpack: no script for prewebpack, continuing
7 info lifecycle cooper-frontend@1.0.0~webpack: cooper-frontend@1.0.0
8 verbose lifecycle cooper-frontend@1.0.0~webpack: unsafe-perm in lifecycle true
9 verbose lifecycle cooper-frontend@1.0.0~webpack: PATH: C:\Program Files\nodejs\node_modules\npm\bin\node-gyp-bin;C:\Users\dan_1\Desktop\8vo semestre\Lab web\Cooper-Frontend\node_modules\.bin;C:\Program Files (x86)\Common Files\Oracle\Java\javapath;C:\VulkanSDK\1.0.57.0\Bin;C:\ProgramData\Oracle\Java\javapath;C:\Program Files (x86)\Intel\iCLS Client\;C:\Program Files\Intel\iCLS Client\;C:\Windows\system32;C:\Windows;C:\Windows\System32\Wbem;C:\Windows\System32\WindowsPowerShell\v1.0\;c:\Program Files (x86)\ATI Technologies\ATI.ACE\Core-Static;C:\Program Files (x86)\Intel\Intel(R) Management Engine Components\DAL;C:\Program Files\Intel\Intel(R) Management Engine Components\DAL;C:\Program Files (x86)\Intel\Intel(R) Management Engine Components\IPT;C:\Program Files\Intel\Intel(R) Management Engine Components\IPT;C:\Program Files\Microsoft SQL Server\110\Tools\Binn\;C:\Program Files\Microsoft SQL Server\120\Tools\Binn\;C:\Program Files (x86)\GtkSharp\2.12\bin;C:\WINDOWS\system32;C:\WINDOWS;C:\WINDOWS\System32\Wbem;C:\WINDOWS\System32\WindowsPowerShell\v1.0\;C:\Program Files (x86)\MiKTeX 2.9\miktex\bin\;C:\Program Files (x86)\LyX 2.1\Perl\bin;C:\WINDOWS\system32;C:\WINDOWS;C:\WINDOWS\System32\Wbem;C:\WINDOWS\System32\WindowsPowerShell\v1.0\;C:\Program Files\Git\cmd;C:\MinGW\bin;C:\Program Files\Java\jdk1.8.0_74\bin;C:\Program Files\MySQL\MySQL Utilities 1.6\;C:\Program Files\Intel\WiFi\bin\;C:\Program Files\Common Files\Intel\WirelessCommon\;C:\Program Files\Microsoft SQL Server\130\Tools\Binn\;C:\Program Files (x86)\QuickTime\QTSystem\;C:\Program Files\nodejs\;C:\Program Files (x86)\Brackets\command;C:\Program Files\MongoDB\Server\3.4\bin\;C:\xampp\php;C:\composer;C:\Python27;C:\Users\dan_1\Anaconda2;C:\Users\dan_1\Anaconda2\Library\mingw-w64\bin;C:\Users\dan_1\Anaconda2\Library\usr\bin;C:\Users\dan_1\Anaconda2\Library\bin;C:\Users\dan_1\Anaconda2\Scripts;C:\ProgramData\Oracle\Java\javapath;C:\Program Files (x86)\Intel\iCLS Client\;C:\Program Files\Intel\iCLS Client\;C:\Windows\system32;C:\Windows;C:\Windows\System32\Wbem;C:\Windows\System32\WindowsPowerShell\v1.0\;c:\Program Files (x86)\ATI Technologies\ATI.ACE\Core-Static;C:\Program Files (x86)\Intel\Intel(R) Management Engine Components\DAL;C:\Program Files\Intel\Intel(R) Management Engine Components\DAL;C:\Program Files (x86)\Intel\Intel(R) Management Engine Components\IPT;C:\Program Files\Intel\Intel(R) Management Engine Components\IPT;C:\Program Files (x86)\Windows Kits\8.1\Windows Performance Toolkit\;C:\Program Files\Microsoft SQL Server\110\Tools\Binn\;C:\Program Files (x86)\Microsoft SDKs\TypeScript\1.0\;C:\Program Files\Microsoft SQL Server\120\Tools\Binn\;C:\Program Files (x86)\GtkSharp\2.12\bin;C:\WINDOWS\system32;C:\
10 verbose lifecycle cooper-frontend@1.0.0~webpack: CWD: C:\Users\dan_1\Desktop\8vo semestre\Lab web\Cooper-Frontend
11 silly lifecycle cooper-frontend@1.0.0~webpack: Args: [ '/d /s /c', 'webpack -wd' ]
12 verbose stack Error: kill ENOSYS
12 verbose stack     at exports._errnoException (util.js:1020:11)
12 verbose stack     at process.kill (internal/process.js:190:13)
12 verbose stack     at process.listener (C:\Program Files\nodejs\node_modules\npm\node_modules\npmlog\node_modules\gauge\node_modules\signal-exit\index.js:86:15)
12 verbose stack     at emitNone (events.js:91:20)
12 verbose stack     at process.emit (events.js:185:7)
12 verbose stack     at processEmit (C:\Program Files\nodejs\node_modules\npm\node_modules\npmlog\node_modules\gauge\node_modules\signal-exit\index.js:146:32)
12 verbose stack     at processEmit (C:\Program Files\nodejs\node_modules\npm\node_modules\npm-registry-client\node_modules\npmlog\node_modules\gauge\node_modules\signal-exit\index.js:146:32)
12 verbose stack     at Signal.wrap.onsignal (internal/process.js:217:44)
13 verbose cwd C:\Users\dan_1\Desktop\8vo semestre\Lab web\Cooper-Frontend
14 error Windows_NT 10.0.16299
15 error argv "C:\\Program Files\\nodejs\\node.exe" "C:\\Program Files\\nodejs\\node_modules\\npm\\bin\\npm-cli.js" "run" "webpack"
16 error node v6.11.3
17 error npm  v3.10.10
18 error code ENOSYS
19 error errno ENOSYS
20 error syscall kill
21 error kill ENOSYS
22 error If you need help, you may report this error at:
22 error     <https://github.com/npm/npm/issues>
23 verbose exit [ 1, true ]
